<?xml version="1.0" encoding="UTF-8"?>
<testng-results skipped="0" failed="0" ignored="0" total="1" passed="1">
  <reporter-output>
  </reporter-output>
  <suite name="Default suite" duration-ms="36151" started-at="2019-02-10T06:46:28Z" finished-at="2019-02-10T06:47:04Z">
    <groups>
    </groups>
    <test name="Default test" duration-ms="36151" started-at="2019-02-10T06:46:28Z" finished-at="2019-02-10T06:47:04Z">
      <class name="Com.Demo.Scripts.LaunchGoogle">
        <test-method status="PASS" signature="lunchgoogle()[pri:0, instance:Com.Demo.Scripts.LaunchGoogle@29ee9faa]" name="lunchgoogle" duration-ms="36110" started-at="2019-02-10T06:46:28Z" finished-at="2019-02-10T06:47:04Z">
          <reporter-output>
          </reporter-output>
        </test-method> <!-- lunchgoogle -->
      </class> <!-- Com.Demo.Scripts.LaunchGoogle -->
    </test> <!-- Default test -->
  </suite> <!-- Default suite -->
</testng-results>
